# JRE version: OpenJDK Runtime Environment (17.0.11) (build 17.0.11+0--11852314)
# Java VM: OpenJDK 64-Bit Server VM (17.0.11+0--11852314, mixed mode, tiered, compressed oops, compressed class ptrs, g1 gc, windows-amd64)
GC Precious Log:
 CPUs: 8 total, 8 available
 Memory: 16233M
 Large Page Support: Disabled
 NUMA Support: Disabled
 Compressed Oops: Enabled (32-bit)
 Heap Region Size: 1M
 Heap Min Capacity: 8M
 Heap Initial Capacity: 254M
 Heap Max Capacity: 1536M
 Pre-touch: Disabled
 Parallel Workers: 8
 Concurrent Workers: 2
 Concurrent Refinement Workers: 8
 Periodic GC: Disabled
Heap:
 garbage-first heap   total 544768K, used 214499K [0x00000000a0000000, 0x0000000100000000)
  region size 1024K, 3 young (3072K), 3 survivors (3072K)
 Metaspace       used 151841K, committed 154240K, reserved 1245184K
  class space    used 20279K, committed 21376K, reserved 1048576K
GC Heap History (20 events):
Event: 2875.010 GC heap after
{Heap after GC invocations=82 (full 0):
 garbage-first heap   total 544768K, used 433522K [0x00000000a0000000, 0x0000000100000000)
  region size 1024K, 5 young (5120K), 5 survivors (5120K)
 Metaspace       used 151972K, committed 153984K, reserved 1245184K
  class space    used 20353K, committed 21312K, reserved 1048576K
}
Event: 2876.172 GC heap before
{Heap before GC invocations=82 (full 0):
 garbage-first heap   total 544768K, used 461170K [0x00000000a0000000, 0x0000000100000000)
  region size 1024K, 32 young (32768K), 5 survivors (5120K)
 Metaspace       used 152014K, committed 154048K, reserved 1245184K
  class space    used 20358K, committed 21312K, reserved 1048576K
}
Event: 2876.192 GC heap after
{Heap after GC invocations=83 (full 0):
 garbage-first heap   total 544768K, used 438765K [0x00000000a0000000, 0x0000000100000000)
  region size 1024K, 4 young (4096K), 4 survivors (4096K)
 Metaspace       used 152014K, committed 154048K, reserved 1245184K
  class space    used 20358K, committed 21312K, reserved 1048576K
}
Event: 2876.365 GC heap before
{Heap before GC invocations=83 (full 0):
 garbage-first heap   total 544768K, used 480749K [0x00000000a0000000, 0x0000000100000000)
  region size 1024K, 29 young (29696K), 4 survivors (4096K)
 Metaspace       used 152038K, committed 154112K, reserved 1245184K
  class space    used 20360K, committed 21376K, reserved 1048576K
}
Event: 2876.369 GC heap after
{Heap after GC invocations=84 (full 0):
 garbage-first heap   total 544768K, used 453618K [0x00000000a0000000, 0x0000000100000000)
  region size 1024K, 2 young (2048K), 2 survivors (2048K)
 Metaspace       used 152038K, committed 154112K, reserved 1245184K
  class space    used 20360K, committed 21376K, reserved 1048576K
}
Event: 3174.773 GC heap before
{Heap before GC invocations=84 (full 0):
 garbage-first heap   total 544768K, used 485362K [0x00000000a0000000, 0x0000000100000000)
  region size 1024K, 26 young (26624K), 2 survivors (2048K)
 Metaspace       used 152073K, committed 154112K, reserved 1245184K
  class space    used 20360K, committed 21376K, reserved 1048576K
}
Event: 3174.783 GC heap after
{Heap after GC invocations=85 (full 0):
 garbage-first heap   total 544768K, used 440779K [0x00000000a0000000, 0x0000000100000000)
  region size 1024K, 3 young (3072K), 3 survivors (3072K)
 Metaspace       used 152073K, committed 154112K, reserved 1245184K
  class space    used 20360K, committed 21376K, reserved 1048576K
}
Event: 3175.254 GC heap before
{Heap before GC invocations=85 (full 0):
 garbage-first heap   total 544768K, used 471499K [0x00000000a0000000, 0x0000000100000000)
  region size 1024K, 33 young (33792K), 3 survivors (3072K)
 Metaspace       used 152106K, committed 154176K, reserved 1245184K
  class space    used 20360K, committed 21376K, reserved 1048576K
}
Event: 3175.263 GC heap after
{Heap after GC invocations=86 (full 0):
 garbage-first heap   total 544768K, used 445298K [0x00000000a0000000, 0x0000000100000000)
  region size 1024K, 5 young (5120K), 5 survivors (5120K)
 Metaspace       used 152106K, committed 154176K, reserved 1245184K
  class space    used 20360K, committed 21376K, reserved 1048576K
}
Event: 3175.373 GC heap before
{Heap before GC invocations=86 (full 0):
 garbage-first heap   total 544768K, used 476018K [0x00000000a0000000, 0x0000000100000000)
  region size 1024K, 32 young (32768K), 5 survivors (5120K)
 Metaspace       used 152107K, committed 154176K, reserved 1245184K
  class space    used 20360K, committed 21376K, reserved 1048576K
}
Event: 3175.400 GC heap after
{Heap after GC invocations=87 (full 0):
 garbage-first heap   total 544768K, used 463589K [0x00000000a0000000, 0x0000000100000000)
  region size 1024K, 4 young (4096K), 4 survivors (4096K)
 Metaspace       used 152107K, committed 154176K, reserved 1245184K
  class space    used 20360K, committed 21376K, reserved 1048576K
}
Event: 3175.454 GC heap before
{Heap before GC invocations=87 (full 0):
 garbage-first heap   total 544768K, used 478949K [0x00000000a0000000, 0x0000000100000000)
  region size 1024K, 21 young (21504K), 4 survivors (4096K)
 Metaspace       used 152119K, committed 154240K, reserved 1245184K
  class space    used 20360K, committed 21376K, reserved 1048576K
}
Event: 3175.480 GC heap after
{Heap after GC invocations=88 (full 0):
 garbage-first heap   total 544768K, used 474112K [0x00000000a0000000, 0x0000000100000000)
  region size 1024K, 4 young (4096K), 4 survivors (4096K)
 Metaspace       used 152119K, committed 154240K, reserved 1245184K
  class space    used 20360K, committed 21376K, reserved 1048576K
}
Event: 3175.764 GC heap before
{Heap before GC invocations=88 (full 0):
 garbage-first heap   total 544768K, used 513024K [0x00000000a0000000, 0x0000000100000000)
  region size 1024K, 26 young (26624K), 4 survivors (4096K)
 Metaspace       used 152137K, committed 154240K, reserved 1245184K
  class space    used 20360K, committed 21376K, reserved 1048576K
}
Event: 3175.775 GC heap after
{Heap after GC invocations=89 (full 0):
 garbage-first heap   total 544768K, used 476419K [0x00000000a0000000, 0x0000000100000000)
  region size 1024K, 2 young (2048K), 2 survivors (2048K)
 Metaspace       used 152137K, committed 154240K, reserved 1245184K
  class space    used 20360K, committed 21376K, reserved 1048576K
}
Event: 3176.964 GC heap before
{Heap before GC invocations=90 (full 0):
 garbage-first heap   total 544768K, used 341251K [0x00000000a0000000, 0x0000000100000000)
  region size 1024K, 26 young (26624K), 2 survivors (2048K)
 Metaspace       used 151807K, committed 154240K, reserved 1245184K
  class space    used 20278K, committed 21376K, reserved 1048576K
}
Event: 3176.979 GC heap after
{Heap after GC invocations=91 (full 0):
 garbage-first heap   total 544768K, used 322201K [0x00000000a0000000, 0x0000000100000000)
  region size 1024K, 4 young (4096K), 4 survivors (4096K)
 Metaspace       used 151807K, committed 154240K, reserved 1245184K
  class space    used 20278K, committed 21376K, reserved 1048576K
}
Event: 3177.280 GC heap before
{Heap before GC invocations=91 (full 0):
 garbage-first heap   total 544768K, used 370329K [0x00000000a0000000, 0x0000000100000000)
  region size 1024K, 26 young (26624K), 4 survivors (4096K)
 Metaspace       used 151812K, committed 154240K, reserved 1245184K
  class space    used 20278K, committed 21376K, reserved 1048576K
}
Event: 3177.298 GC heap after
{Heap after GC invocations=92 (full 0):
 garbage-first heap   total 544768K, used 267319K [0x00000000a0000000, 0x0000000100000000)
  region size 1024K, 1 young (1024K), 1 survivors (1024K)
 Metaspace       used 151812K, committed 154240K, reserved 1245184K
  class space    used 20278K, committed 21376K, reserved 1048576K
}
Event: 3949.683 GC heap before
{Heap before GC invocations=92 (full 0):
 garbage-first heap   total 544768K, used 292919K [0x00000000a0000000, 0x0000000100000000)
  region size 1024K, 26 young (26624K), 1 survivors (1024K)
 Metaspace       used 151841K, committed 154240K, reserved 1245184K
  class space    used 20279K, committed 21376K, reserved 1048576K
}

